2024-09-11 14:04:20 URL:http://ftpmaster.internal/ubuntu/dists/jammy/InRelease [270087/270087] -> "/build/chroot/var/lib/apt/lists/partial/ftpmaster.internal_ubuntu_dists_jammy_InRelease" [1]
gpgv: Signature made Thu Apr 21 17:16:39 2022 UTC
gpgv:                using RSA key 871920D1991BC93C
gpgv: Good signature from "Ubuntu Archive Automatic Signing Key (2018) <ftpmaster@ubuntu.com>"
2024-09-11 14:04:20 URL:http://ftpmaster.internal/ubuntu/dists/jammy/main/binary-amd64/by-hash/SHA256/37cb57f1554cbfa71c5a29ee9ffee18a9a8c1782bb0568e0874b7ff4ce8f9c11 [1394768/1394768] -> "/build/chroot/var/lib/apt/lists/partial/ftpmaster.internal_ubuntu_dists_jammy_main_binary-amd64_Packages.xz" [1]
2024-09-11 14:04:21 URL:http://ftpmaster.internal/ubuntu/dists/jammy/restricted/binary-amd64/by-hash/SHA256/92102b5d9dfb7804293891528d5e57c3d05949df71af613d4f99fcb7d6a3f488 [129256/129256] -> "/build/chroot/var/lib/apt/lists/partial/ftpmaster.internal_ubuntu_dists_jammy_restricted_binary-amd64_Packages.xz" [1]
2024-09-11 14:04:22 URL:http://ftpmaster.internal/ubuntu/pool/main/a/adduser/adduser_3.118ubuntu5_all.deb [155528/155528] -> "/build/chroot//var/cache/apt/archives/partial/adduser_3.118ubuntu5_all.deb" [1]
2024-09-11 14:04:22 URL:http://ftpmaster.internal/ubuntu/pool/main/a/apt/apt_2.4.5_amd64.deb [1379030/1379030] -> "/build/chroot//var/cache/apt/archives/partial/apt_2.4.5_amd64.deb" [1]
2024-09-11 14:04:22 URL:http://ftpmaster.internal/ubuntu/pool/main/b/base-files/base-files_12ubuntu4_amd64.deb [62940/62940] -> "/build/chroot//var/cache/apt/archives/partial/base-files_12ubuntu4_amd64.deb" [1]
2024-09-11 14:04:22 URL:http://ftpmaster.internal/ubuntu/pool/main/b/base-passwd/base-passwd_3.5.52build1_amd64.deb [49100/49100] -> "/build/chroot//var/cache/apt/archives/partial/base-passwd_3.5.52build1_amd64.deb" [1]
2024-09-11 14:04:22 URL:http://ftpmaster.internal/ubuntu/pool/main/b/bash/bash_5.1-6ubuntu1_amd64.deb [768660/768660] -> "/build/chroot//var/cache/apt/archives/partial/bash_5.1-6ubuntu1_amd64.deb" [1]
2024-09-11 14:04:22 URL:http://ftpmaster.internal/ubuntu/pool/main/u/util-linux/bsdutils_2.37.2-4ubuntu3_amd64.deb [81460/81460] -> "/build/chroot//var/cache/apt/archives/partial/bsdutils_1%3a2.37.2-4ubuntu3_amd64.deb" [1]
2024-09-11 14:04:22 URL:http://ftpmaster.internal/ubuntu/pool/main/c/coreutils/coreutils_8.32-4.1ubuntu1_amd64.deb [1437656/1437656] -> "/build/chroot//var/cache/apt/archives/partial/coreutils_8.32-4.1ubuntu1_amd64.deb" [1]
2024-09-11 14:04:22 URL:http://ftpmaster.internal/ubuntu/pool/main/d/dash/dash_0.5.11+git20210903+057cd650a4ed-3build1_amd64.deb [92010/92010] -> "/build/chroot//var/cache/apt/archives/partial/dash_0.5.11+git20210903+057cd650a4ed-3build1_amd64.deb" [1]
2024-09-11 14:04:22 URL:http://ftpmaster.internal/ubuntu/pool/main/d/debconf/debconf_1.5.79ubuntu1_all.deb [126202/126202] -> "/build/chroot//var/cache/apt/archives/partial/debconf_1.5.79ubuntu1_all.deb" [1]
2024-09-11 14:04:22 URL:http://ftpmaster.internal/ubuntu/pool/main/d/debianutils/debianutils_5.5-1ubuntu2_amd64.deb [106608/106608] -> "/build/chroot//var/cache/apt/archives/partial/debianutils_5.5-1ubuntu2_amd64.deb" [1]
2024-09-11 14:04:22 URL:http://ftpmaster.internal/ubuntu/pool/main/d/diffutils/diffutils_3.8-0ubuntu2_amd64.deb [172382/172382] -> "/build/chroot//var/cache/apt/archives/partial/diffutils_1%3a3.8-0ubuntu2_amd64.deb" [1]
2024-09-11 14:04:22 URL:http://ftpmaster.internal/ubuntu/pool/main/d/dpkg/dpkg_1.21.1ubuntu2_amd64.deb [1239788/1239788] -> "/build/chroot//var/cache/apt/archives/partial/dpkg_1.21.1ubuntu2_amd64.deb" [1]
2024-09-11 14:04:22 URL:http://ftpmaster.internal/ubuntu/pool/main/e/e2fsprogs/e2fsprogs_1.46.5-2ubuntu1_amd64.deb [590520/590520] -> "/build/chroot//var/cache/apt/archives/partial/e2fsprogs_1.46.5-2ubuntu1_amd64.deb" [1]
2024-09-11 14:04:22 URL:http://ftpmaster.internal/ubuntu/pool/main/f/findutils/findutils_4.8.0-1ubuntu3_amd64.deb [331640/331640] -> "/build/chroot//var/cache/apt/archives/partial/findutils_4.8.0-1ubuntu3_amd64.deb" [1]
2024-09-11 14:04:22 URL:http://ftpmaster.internal/ubuntu/pool/main/g/gcc-12/gcc-12-base_12-20220319-1ubuntu1_amd64.deb [18880/18880] -> "/build/chroot//var/cache/apt/archives/partial/gcc-12-base_12-20220319-1ubuntu1_amd64.deb" [1]
2024-09-11 14:04:22 URL:http://ftpmaster.internal/ubuntu/pool/main/g/gnupg2/gpgv_2.2.27-3ubuntu2_amd64.deb [136750/136750] -> "/build/chroot//var/cache/apt/archives/partial/gpgv_2.2.27-3ubuntu2_amd64.deb" [1]
2024-09-11 14:04:22 URL:http://ftpmaster.internal/ubuntu/pool/main/g/grep/grep_3.7-1build1_amd64.deb [155818/155818] -> "/build/chroot//var/cache/apt/archives/partial/grep_3.7-1build1_amd64.deb" [1]
2024-09-11 14:04:23 URL:http://ftpmaster.internal/ubuntu/pool/main/g/gzip/gzip_1.10-4ubuntu4_amd64.deb [95986/95986] -> "/build/chroot//var/cache/apt/archives/partial/gzip_1.10-4ubuntu4_amd64.deb" [1]
2024-09-11 14:04:23 URL:http://ftpmaster.internal/ubuntu/pool/main/h/hostname/hostname_3.23ubuntu2_amd64.deb [11414/11414] -> "/build/chroot//var/cache/apt/archives/partial/hostname_3.23ubuntu2_amd64.deb" [1]
2024-09-11 14:04:23 URL:http://ftpmaster.internal/ubuntu/pool/main/i/init-system-helpers/init-system-helpers_1.62_all.deb [38498/38498] -> "/build/chroot//var/cache/apt/archives/partial/init-system-helpers_1.62_all.deb" [1]
2024-09-11 14:04:23 URL:http://ftpmaster.internal/ubuntu/pool/main/a/acl/libacl1_2.3.1-1_amd64.deb [16218/16218] -> "/build/chroot//var/cache/apt/archives/partial/libacl1_2.3.1-1_amd64.deb" [1]
2024-09-11 14:04:23 URL:http://ftpmaster.internal/ubuntu/pool/main/a/apt/libapt-pkg6.0_2.4.5_amd64.deb [903974/903974] -> "/build/chroot//var/cache/apt/archives/partial/libapt-pkg6.0_2.4.5_amd64.deb" [1]
2024-09-11 14:04:23 URL:http://ftpmaster.internal/ubuntu/pool/main/a/attr/libattr1_2.5.1-1build1_amd64.deb [13298/13298] -> "/build/chroot//var/cache/apt/archives/partial/libattr1_1%3a2.5.1-1build1_amd64.deb" [1]
2024-09-11 14:04:23 URL:http://ftpmaster.internal/ubuntu/pool/main/a/audit/libaudit-common_3.0.7-1build1_all.deb [4726/4726] -> "/build/chroot//var/cache/apt/archives/partial/libaudit-common_1%3a3.0.7-1build1_all.deb" [1]
2024-09-11 14:04:23 URL:http://ftpmaster.internal/ubuntu/pool/main/a/audit/libaudit1_3.0.7-1build1_amd64.deb [46920/46920] -> "/build/chroot//var/cache/apt/archives/partial/libaudit1_1%3a3.0.7-1build1_amd64.deb" [1]
2024-09-11 14:04:23 URL:http://ftpmaster.internal/ubuntu/pool/main/u/util-linux/libblkid1_2.37.2-4ubuntu3_amd64.deb [103598/103598] -> "/build/chroot//var/cache/apt/archives/partial/libblkid1_2.37.2-4ubuntu3_amd64.deb" [1]
2024-09-11 14:04:23 URL:http://ftpmaster.internal/ubuntu/pool/main/b/bzip2/libbz2-1.0_1.0.8-5build1_amd64.deb [34446/34446] -> "/build/chroot//var/cache/apt/archives/partial/libbz2-1.0_1.0.8-5build1_amd64.deb" [1]
2024-09-11 14:04:23 URL:http://ftpmaster.internal/ubuntu/pool/main/g/glibc/libc-bin_2.35-0ubuntu3_amd64.deb [705896/705896] -> "/build/chroot//var/cache/apt/archives/partial/libc-bin_2.35-0ubuntu3_amd64.deb" [1]
2024-09-11 14:04:23 URL:http://ftpmaster.internal/ubuntu/pool/main/g/glibc/libc6_2.35-0ubuntu3_amd64.deb [3235142/3235142] -> "/build/chroot//var/cache/apt/archives/partial/libc6_2.35-0ubuntu3_amd64.deb" [1]
2024-09-11 14:04:23 URL:http://ftpmaster.internal/ubuntu/pool/main/libc/libcap-ng/libcap-ng0_0.7.9-2.2build3_amd64.deb [11588/11588] -> "/build/chroot//var/cache/apt/archives/partial/libcap-ng0_0.7.9-2.2build3_amd64.deb" [1]
2024-09-11 14:04:23 URL:http://ftpmaster.internal/ubuntu/pool/main/libc/libcap2/libcap2_2.44-1build3_amd64.deb [18114/18114] -> "/build/chroot//var/cache/apt/archives/partial/libcap2_1%3a2.44-1build3_amd64.deb" [1]
2024-09-11 14:04:23 URL:http://ftpmaster.internal/ubuntu/pool/main/e/e2fsprogs/libcom-err2_1.46.5-2ubuntu1_amd64.deb [9846/9846] -> "/build/chroot//var/cache/apt/archives/partial/libcom-err2_1.46.5-2ubuntu1_amd64.deb" [1]
2024-09-11 14:04:23 URL:http://ftpmaster.internal/ubuntu/pool/main/libx/libxcrypt/libcrypt1_4.4.27-1_amd64.deb [82004/82004] -> "/build/chroot//var/cache/apt/archives/partial/libcrypt1_1%3a4.4.27-1_amd64.deb" [1]
2024-09-11 14:04:23 URL:http://ftpmaster.internal/ubuntu/pool/main/d/db5.3/libdb5.3_5.3.28+dfsg1-0.8ubuntu3_amd64.deb [721906/721906] -> "/build/chroot//var/cache/apt/archives/partial/libdb5.3_5.3.28+dfsg1-0.8ubuntu3_amd64.deb" [1]
2024-09-11 14:04:23 URL:http://ftpmaster.internal/ubuntu/pool/main/c/cdebconf/libdebconfclient0_0.261ubuntu1_amd64.deb [7198/7198] -> "/build/chroot//var/cache/apt/archives/partial/libdebconfclient0_0.261ubuntu1_amd64.deb" [1]
2024-09-11 14:04:23 URL:http://ftpmaster.internal/ubuntu/pool/main/e/e2fsprogs/libext2fs2_1.46.5-2ubuntu1_amd64.deb [208986/208986] -> "/build/chroot//var/cache/apt/archives/partial/libext2fs2_1.46.5-2ubuntu1_amd64.deb" [1]
2024-09-11 14:04:23 URL:http://ftpmaster.internal/ubuntu/pool/main/libf/libffi/libffi8_3.4.2-4_amd64.deb [22326/22326] -> "/build/chroot//var/cache/apt/archives/partial/libffi8_3.4.2-4_amd64.deb" [1]
2024-09-11 14:04:23 URL:http://ftpmaster.internal/ubuntu/pool/main/g/gcc-12/libgcc-s1_12-20220319-1ubuntu1_amd64.deb [54224/54224] -> "/build/chroot//var/cache/apt/archives/partial/libgcc-s1_12-20220319-1ubuntu1_amd64.deb" [1]
2024-09-11 14:04:23 URL:http://ftpmaster.internal/ubuntu/pool/main/libg/libgcrypt20/libgcrypt20_1.9.4-3ubuntu3_amd64.deb [515428/515428] -> "/build/chroot//var/cache/apt/archives/partial/libgcrypt20_1.9.4-3ubuntu3_amd64.deb" [1]
2024-09-11 14:04:23 URL:http://ftpmaster.internal/ubuntu/pool/main/g/gmp/libgmp10_6.2.1+dfsg-3ubuntu1_amd64.deb [250148/250148] -> "/build/chroot//var/cache/apt/archives/partial/libgmp10_2%3a6.2.1+dfsg-3ubuntu1_amd64.deb" [1]
2024-09-11 14:04:23 URL:http://ftpmaster.internal/ubuntu/pool/main/g/gnutls28/libgnutls30_3.7.3-4ubuntu1_amd64.deb [968262/968262] -> "/build/chroot//var/cache/apt/archives/partial/libgnutls30_3.7.3-4ubuntu1_amd64.deb" [1]
2024-09-11 14:04:23 URL:http://ftpmaster.internal/ubuntu/pool/main/libg/libgpg-error/libgpg-error0_1.43-3_amd64.deb [69684/69684] -> "/build/chroot//var/cache/apt/archives/partial/libgpg-error0_1.43-3_amd64.deb" [1]
2024-09-11 14:04:23 URL:http://ftpmaster.internal/ubuntu/pool/main/k/krb5/libgssapi-krb5-2_1.19.2-2_amd64.deb [143724/143724] -> "/build/chroot//var/cache/apt/archives/partial/libgssapi-krb5-2_1.19.2-2_amd64.deb" [1]
2024-09-11 14:04:23 URL:http://ftpmaster.internal/ubuntu/pool/main/n/nettle/libhogweed6_3.7.3-1build2_amd64.deb [199324/199324] -> "/build/chroot//var/cache/apt/archives/partial/libhogweed6_3.7.3-1build2_amd64.deb" [1]
2024-09-11 14:04:23 URL:http://ftpmaster.internal/ubuntu/pool/main/libi/libidn2/libidn2-0_2.3.2-2build1_amd64.deb [66396/66396] -> "/build/chroot//var/cache/apt/archives/partial/libidn2-0_2.3.2-2build1_amd64.deb" [1]
2024-09-11 14:04:23 URL:http://ftpmaster.internal/ubuntu/pool/main/k/krb5/libk5crypto3_1.19.2-2_amd64.deb [86372/86372] -> "/build/chroot//var/cache/apt/archives/partial/libk5crypto3_1.19.2-2_amd64.deb" [1]
2024-09-11 14:04:23 URL:http://ftpmaster.internal/ubuntu/pool/main/k/keyutils/libkeyutils1_1.6.1-2ubuntu3_amd64.deb [10376/10376] -> "/build/chroot//var/cache/apt/archives/partial/libkeyutils1_1.6.1-2ubuntu3_amd64.deb" [1]
2024-09-11 14:04:23 URL:http://ftpmaster.internal/ubuntu/pool/main/k/krb5/libkrb5-3_1.19.2-2_amd64.deb [356212/356212] -> "/build/chroot//var/cache/apt/archives/partial/libkrb5-3_1.19.2-2_amd64.deb" [1]
2024-09-11 14:04:23 URL:http://ftpmaster.internal/ubuntu/pool/main/k/krb5/libkrb5support0_1.19.2-2_amd64.deb [32358/32358] -> "/build/chroot//var/cache/apt/archives/partial/libkrb5support0_1.19.2-2_amd64.deb" [1]
2024-09-11 14:04:23 URL:http://ftpmaster.internal/ubuntu/pool/main/l/lz4/liblz4-1_1.9.3-2build2_amd64.deb [56930/56930] -> "/build/chroot//var/cache/apt/archives/partial/liblz4-1_1.9.3-2build2_amd64.deb" [1]
2024-09-11 14:04:23 URL:http://ftpmaster.internal/ubuntu/pool/main/x/xz-utils/liblzma5_5.2.5-2ubuntu1_amd64.deb [99544/99544] -> "/build/chroot//var/cache/apt/archives/partial/liblzma5_5.2.5-2ubuntu1_amd64.deb" [1]
2024-09-11 14:04:23 URL:http://ftpmaster.internal/ubuntu/pool/main/u/util-linux/libmount1_2.37.2-4ubuntu3_amd64.deb [122008/122008] -> "/build/chroot//var/cache/apt/archives/partial/libmount1_2.37.2-4ubuntu3_amd64.deb" [1]
2024-09-11 14:04:24 URL:http://ftpmaster.internal/ubuntu/pool/main/n/ncurses/libncurses6_6.3-2_amd64.deb [111266/111266] -> "/build/chroot//var/cache/apt/archives/partial/libncurses6_6.3-2_amd64.deb" [1]
2024-09-11 14:04:24 URL:http://ftpmaster.internal/ubuntu/pool/main/n/ncurses/libncursesw6_6.3-2_amd64.deb [149304/149304] -> "/build/chroot//var/cache/apt/archives/partial/libncursesw6_6.3-2_amd64.deb" [1]
2024-09-11 14:04:24 URL:http://ftpmaster.internal/ubuntu/pool/main/n/nettle/libnettle8_3.7.3-1build2_amd64.deb [158864/158864] -> "/build/chroot//var/cache/apt/archives/partial/libnettle8_3.7.3-1build2_amd64.deb" [1]
2024-09-11 14:04:24 URL:http://ftpmaster.internal/ubuntu/pool/main/libn/libnsl/libnsl2_1.3.0-2build2_amd64.deb [42340/42340] -> "/build/chroot//var/cache/apt/archives/partial/libnsl2_1.3.0-2build2_amd64.deb" [1]
2024-09-11 14:04:24 URL:http://ftpmaster.internal/ubuntu/pool/main/p/p11-kit/libp11-kit0_0.24.0-6build1_amd64.deb [251896/251896] -> "/build/chroot//var/cache/apt/archives/partial/libp11-kit0_0.24.0-6build1_amd64.deb" [1]
2024-09-11 14:04:24 URL:http://ftpmaster.internal/ubuntu/pool/main/p/pam/libpam-modules_1.4.0-11ubuntu2_amd64.deb [279632/279632] -> "/build/chroot//var/cache/apt/archives/partial/libpam-modules_1.4.0-11ubuntu2_amd64.deb" [1]
2024-09-11 14:04:24 URL:http://ftpmaster.internal/ubuntu/pool/main/p/pam/libpam-modules-bin_1.4.0-11ubuntu2_amd64.deb [37600/37600] -> "/build/chroot//var/cache/apt/archives/partial/libpam-modules-bin_1.4.0-11ubuntu2_amd64.deb" [1]
2024-09-11 14:04:24 URL:http://ftpmaster.internal/ubuntu/pool/main/p/pam/libpam-runtime_1.4.0-11ubuntu2_all.deb [40252/40252] -> "/build/chroot//var/cache/apt/archives/partial/libpam-runtime_1.4.0-11ubuntu2_all.deb" [1]
2024-09-11 14:04:24 URL:http://ftpmaster.internal/ubuntu/pool/main/p/pam/libpam0g_1.4.0-11ubuntu2_amd64.deb [60802/60802] -> "/build/chroot//var/cache/apt/archives/partial/libpam0g_1.4.0-11ubuntu2_amd64.deb" [1]
2024-09-11 14:04:24 URL:http://ftpmaster.internal/ubuntu/pool/main/p/pcre2/libpcre2-8-0_10.39-3build1_amd64.deb [219728/219728] -> "/build/chroot//var/cache/apt/archives/partial/libpcre2-8-0_10.39-3build1_amd64.deb" [1]
2024-09-11 14:04:24 URL:http://ftpmaster.internal/ubuntu/pool/main/p/pcre3/libpcre3_8.39-13build5_amd64.deb [245340/245340] -> "/build/chroot//var/cache/apt/archives/partial/libpcre3_2%3a8.39-13build5_amd64.deb" [1]
2024-09-11 14:04:24 URL:http://ftpmaster.internal/ubuntu/pool/main/p/procps/libprocps8_3.3.17-6ubuntu2_amd64.deb [35960/35960] -> "/build/chroot//var/cache/apt/archives/partial/libprocps8_2%3a3.3.17-6ubuntu2_amd64.deb" [1]
2024-09-11 14:04:24 URL:http://ftpmaster.internal/ubuntu/pool/main/libs/libseccomp/libseccomp2_2.5.3-2ubuntu2_amd64.deb [47424/47424] -> "/build/chroot//var/cache/apt/archives/partial/libseccomp2_2.5.3-2ubuntu2_amd64.deb" [1]
2024-09-11 14:04:24 URL:http://ftpmaster.internal/ubuntu/pool/main/libs/libselinux/libselinux1_3.3-1build2_amd64.deb [74578/74578] -> "/build/chroot//var/cache/apt/archives/partial/libselinux1_3.3-1build2_amd64.deb" [1]
2024-09-11 14:04:24 URL:http://ftpmaster.internal/ubuntu/pool/main/libs/libsemanage/libsemanage-common_3.3-1build2_all.deb [9874/9874] -> "/build/chroot//var/cache/apt/archives/partial/libsemanage-common_3.3-1build2_all.deb" [1]
2024-09-11 14:04:24 URL:http://ftpmaster.internal/ubuntu/pool/main/libs/libsemanage/libsemanage2_3.3-1build2_amd64.deb [92630/92630] -> "/build/chroot//var/cache/apt/archives/partial/libsemanage2_3.3-1build2_amd64.deb" [1]
2024-09-11 14:04:24 URL:http://ftpmaster.internal/ubuntu/pool/main/libs/libsepol/libsepol2_3.3-1build1_amd64.deb [281694/281694] -> "/build/chroot//var/cache/apt/archives/partial/libsepol2_3.3-1build1_amd64.deb" [1]
2024-09-11 14:04:24 URL:http://ftpmaster.internal/ubuntu/pool/main/u/util-linux/libsmartcols1_2.37.2-4ubuntu3_amd64.deb [51250/51250] -> "/build/chroot//var/cache/apt/archives/partial/libsmartcols1_2.37.2-4ubuntu3_amd64.deb" [1]
2024-09-11 14:04:24 URL:http://ftpmaster.internal/ubuntu/pool/main/e/e2fsprogs/libss2_1.46.5-2ubuntu1_amd64.deb [12342/12342] -> "/build/chroot//var/cache/apt/archives/partial/libss2_1.46.5-2ubuntu1_amd64.deb" [1]
2024-09-11 14:04:24 URL:http://ftpmaster.internal/ubuntu/pool/main/o/openssl/libssl3_3.0.2-0ubuntu1_amd64.deb [1899080/1899080] -> "/build/chroot//var/cache/apt/archives/partial/libssl3_3.0.2-0ubuntu1_amd64.deb" [1]
2024-09-11 14:04:24 URL:http://ftpmaster.internal/ubuntu/pool/main/g/gcc-12/libstdc++6_12-20220319-1ubuntu1_amd64.deb [698528/698528] -> "/build/chroot//var/cache/apt/archives/partial/libstdc++6_12-20220319-1ubuntu1_amd64.deb" [1]
2024-09-11 14:04:24 URL:http://ftpmaster.internal/ubuntu/pool/main/s/systemd/libsystemd0_249.11-0ubuntu3_amd64.deb [317482/317482] -> "/build/chroot//var/cache/apt/archives/partial/libsystemd0_249.11-0ubuntu3_amd64.deb" [1]
2024-09-11 14:04:24 URL:http://ftpmaster.internal/ubuntu/pool/main/libt/libtasn1-6/libtasn1-6_4.18.0-4build1_amd64.deb [42922/42922] -> "/build/chroot//var/cache/apt/archives/partial/libtasn1-6_4.18.0-4build1_amd64.deb" [1]
2024-09-11 14:04:24 URL:http://ftpmaster.internal/ubuntu/pool/main/n/ncurses/libtinfo6_6.3-2_amd64.deb [104134/104134] -> "/build/chroot//var/cache/apt/archives/partial/libtinfo6_6.3-2_amd64.deb" [1]
2024-09-11 14:04:24 URL:http://ftpmaster.internal/ubuntu/pool/main/libt/libtirpc/libtirpc-common_1.3.2-2build1_all.deb [7616/7616] -> "/build/chroot//var/cache/apt/archives/partial/libtirpc-common_1.3.2-2build1_all.deb" [1]
2024-09-11 14:04:24 URL:http://ftpmaster.internal/ubuntu/pool/main/libt/libtirpc/libtirpc3_1.3.2-2build1_amd64.deb [81066/81066] -> "/build/chroot//var/cache/apt/archives/partial/libtirpc3_1.3.2-2build1_amd64.deb" [1]
2024-09-11 14:04:24 URL:http://ftpmaster.internal/ubuntu/pool/main/s/systemd/libudev1_249.11-0ubuntu3_amd64.deb [76912/76912] -> "/build/chroot//var/cache/apt/archives/partial/libudev1_249.11-0ubuntu3_amd64.deb" [1]
2024-09-11 14:04:24 URL:http://ftpmaster.internal/ubuntu/pool/main/libu/libunistring/libunistring2_1.0-1_amd64.deb [553602/553602] -> "/build/chroot//var/cache/apt/archives/partial/libunistring2_1.0-1_amd64.deb" [1]
2024-09-11 14:04:24 URL:http://ftpmaster.internal/ubuntu/pool/main/u/util-linux/libuuid1_2.37.2-4ubuntu3_amd64.deb [24168/24168] -> "/build/chroot//var/cache/apt/archives/partial/libuuid1_2.37.2-4ubuntu3_amd64.deb" [1]
2024-09-11 14:04:24 URL:http://ftpmaster.internal/ubuntu/pool/main/x/xxhash/libxxhash0_0.8.1-1_amd64.deb [27258/27258] -> "/build/chroot//var/cache/apt/archives/partial/libxxhash0_0.8.1-1_amd64.deb" [1]
2024-09-11 14:04:24 URL:http://ftpmaster.internal/ubuntu/pool/main/libz/libzstd/libzstd1_1.4.8+dfsg-3build1_amd64.deb [324024/324024] -> "/build/chroot//var/cache/apt/archives/partial/libzstd1_1.4.8+dfsg-3build1_amd64.deb" [1]
2024-09-11 14:04:24 URL:http://ftpmaster.internal/ubuntu/pool/main/s/shadow/login_4.8.1-2ubuntu2_amd64.deb [187284/187284] -> "/build/chroot//var/cache/apt/archives/partial/login_1%3a4.8.1-2ubuntu2_amd64.deb" [1]
2024-09-11 14:04:24 URL:http://ftpmaster.internal/ubuntu/pool/main/e/e2fsprogs/logsave_1.46.5-2ubuntu1_amd64.deb [10708/10708] -> "/build/chroot//var/cache/apt/archives/partial/logsave_1.46.5-2ubuntu1_amd64.deb" [1]
2024-09-11 14:04:24 URL:http://ftpmaster.internal/ubuntu/pool/main/l/lsb/lsb-base_11.1.0ubuntu4_all.deb [12350/12350] -> "/build/chroot//var/cache/apt/archives/partial/lsb-base_11.1.0ubuntu4_all.deb" [1]
2024-09-11 14:04:24 URL:http://ftpmaster.internal/ubuntu/pool/main/m/mawk/mawk_1.3.4.20200120-3_amd64.deb [103616/103616] -> "/build/chroot//var/cache/apt/archives/partial/mawk_1.3.4.20200120-3_amd64.deb" [1]
2024-09-11 14:04:24 URL:http://ftpmaster.internal/ubuntu/pool/main/u/util-linux/mount_2.37.2-4ubuntu3_amd64.deb [114234/114234] -> "/build/chroot//var/cache/apt/archives/partial/mount_2.37.2-4ubuntu3_amd64.deb" [1]
2024-09-11 14:04:24 URL:http://ftpmaster.internal/ubuntu/pool/main/n/ncurses/ncurses-base_6.3-2_all.deb [20080/20080] -> "/build/chroot//var/cache/apt/archives/partial/ncurses-base_6.3-2_all.deb" [1]
2024-09-11 14:04:24 URL:http://ftpmaster.internal/ubuntu/pool/main/n/ncurses/ncurses-bin_6.3-2_amd64.deb [184296/184296] -> "/build/chroot//var/cache/apt/archives/partial/ncurses-bin_6.3-2_amd64.deb" [1]
2024-09-11 14:04:24 URL:http://ftpmaster.internal/ubuntu/pool/main/s/shadow/passwd_4.8.1-2ubuntu2_amd64.deb [766558/766558] -> "/build/chroot//var/cache/apt/archives/partial/passwd_1%3a4.8.1-2ubuntu2_amd64.deb" [1]
2024-09-11 14:04:25 URL:http://ftpmaster.internal/ubuntu/pool/main/p/perl/perl-base_5.34.0-3ubuntu1_amd64.deb [1761734/1761734] -> "/build/chroot//var/cache/apt/archives/partial/perl-base_5.34.0-3ubuntu1_amd64.deb" [1]
2024-09-11 14:04:25 URL:http://ftpmaster.internal/ubuntu/pool/main/p/procps/procps_3.3.17-6ubuntu2_amd64.deb [377444/377444] -> "/build/chroot//var/cache/apt/archives/partial/procps_2%3a3.3.17-6ubuntu2_amd64.deb" [1]
2024-09-11 14:04:25 URL:http://ftpmaster.internal/ubuntu/pool/main/s/sed/sed_4.8-1ubuntu2_amd64.deb [188226/188226] -> "/build/chroot//var/cache/apt/archives/partial/sed_4.8-1ubuntu2_amd64.deb" [1]
2024-09-11 14:04:25 URL:http://ftpmaster.internal/ubuntu/pool/main/s/sensible-utils/sensible-utils_0.0.17_all.deb [20076/20076] -> "/build/chroot//var/cache/apt/archives/partial/sensible-utils_0.0.17_all.deb" [1]
2024-09-11 14:04:25 URL:http://ftpmaster.internal/ubuntu/pool/main/s/sysvinit/sysvinit-utils_3.01-1ubuntu1_amd64.deb [20574/20574] -> "/build/chroot//var/cache/apt/archives/partial/sysvinit-utils_3.01-1ubuntu1_amd64.deb" [1]
2024-09-11 14:04:25 URL:http://ftpmaster.internal/ubuntu/pool/main/t/tar/tar_1.34+dfsg-1build3_amd64.deb [294890/294890] -> "/build/chroot//var/cache/apt/archives/partial/tar_1.34+dfsg-1build3_amd64.deb" [1]
2024-09-11 14:04:25 URL:http://ftpmaster.internal/ubuntu/pool/main/u/ubuntu-keyring/ubuntu-keyring_2021.03.26_all.deb [20856/20856] -> "/build/chroot//var/cache/apt/archives/partial/ubuntu-keyring_2021.03.26_all.deb" [1]
2024-09-11 14:04:25 URL:http://ftpmaster.internal/ubuntu/pool/main/u/usrmerge/usrmerge_25ubuntu2_all.deb [54662/54662] -> "/build/chroot//var/cache/apt/archives/partial/usrmerge_25ubuntu2_all.deb" [1]
2024-09-11 14:04:25 URL:http://ftpmaster.internal/ubuntu/pool/main/u/util-linux/util-linux_2.37.2-4ubuntu3_amd64.deb [1064042/1064042] -> "/build/chroot//var/cache/apt/archives/partial/util-linux_2.37.2-4ubuntu3_amd64.deb" [1]
2024-09-11 14:04:25 URL:http://ftpmaster.internal/ubuntu/pool/main/z/zlib/zlib1g_1.2.11.dfsg-2ubuntu9_amd64.deb [58236/58236] -> "/build/chroot//var/cache/apt/archives/partial/zlib1g_1%3a1.2.11.dfsg-2ubuntu9_amd64.deb" [1]
gpgv: Signature made Thu Apr 21 17:16:39 2022 UTC
gpgv:                using RSA key 871920D1991BC93C
gpgv: Good signature from "Ubuntu Archive Automatic Signing Key (2018) <ftpmaster@ubuntu.com>"
dpkg: warning: parsing file '/var/lib/dpkg/status' near line 5 package 'dpkg':
 missing 'Description' field
dpkg: warning: parsing file '/var/lib/dpkg/status' near line 5 package 'dpkg':
 missing 'Architecture' field
Selecting previously unselected package base-passwd.
(Reading database ... 0 files and directories currently installed.)
Preparing to unpack .../base-passwd_3.5.52build1_amd64.deb ...
Unpacking base-passwd (3.5.52build1) ...
dpkg: base-passwd: dependency problems, but configuring anyway as you requested:
 base-passwd depends on libc6 (>= 2.34); however:
  Package libc6 is not installed.
 base-passwd depends on libdebconfclient0 (>= 0.145); however:
  Package libdebconfclient0 is not installed.

Setting up base-passwd (3.5.52build1) ...
dpkg: warning: parsing file '/var/lib/dpkg/status' near line 24 package 'dpkg':
 missing 'Description' field
dpkg: warning: parsing file '/var/lib/dpkg/status' near line 24 package 'dpkg':
 missing 'Architecture' field
Selecting previously unselected package base-files.
dpkg: regarding .../base-files_12ubuntu4_amd64.deb containing base-files, pre-dependency problem:
 base-files pre-depends on awk
  awk is not installed.

dpkg: warning: ignoring pre-dependency problem!
(Reading database ... 41 files and directories currently installed.)
Preparing to unpack .../base-files_12ubuntu4_amd64.deb ...
Unpacking base-files (12ubuntu4) ...
dpkg: base-files: dependency problems, but configuring anyway as you requested:
 base-files depends on awk; however:
  Package awk is not installed.
 base-files depends on libc6 (>= 2.34); however:
  Package libc6 is not installed.
 base-files depends on libcrypt1 (>= 1:4.4.10-10ubuntu3); however:
  Package libcrypt1 is not installed.

Setting up base-files (12ubuntu4) ...
dpkg: warning: parsing file '/var/lib/dpkg/status' near line 59 package 'dpkg':
 missing 'Description' field
dpkg: warning: parsing file '/var/lib/dpkg/status' near line 59 package 'dpkg':
 missing 'Architecture' field
dpkg: regarding .../dpkg_1.21.1ubuntu2_amd64.deb containing dpkg, pre-dependency problem:
 dpkg pre-depends on libbz2-1.0
  libbz2-1.0 is not installed.

dpkg: warning: ignoring pre-dependency problem!
dpkg: regarding .../dpkg_1.21.1ubuntu2_amd64.deb containing dpkg, pre-dependency problem:
 dpkg pre-depends on libc6 (>= 2.34)
  libc6 is not installed.

dpkg: warning: ignoring pre-dependency problem!
dpkg: regarding .../dpkg_1.21.1ubuntu2_amd64.deb containing dpkg, pre-dependency problem:
 dpkg pre-depends on liblzma5 (>= 5.2.2)
  liblzma5 is not installed.

dpkg: warning: ignoring pre-dependency problem!
dpkg: regarding .../dpkg_1.21.1ubuntu2_amd64.deb containing dpkg, pre-dependency problem:
 dpkg pre-depends on libselinux1 (>= 3.1~)
  libselinux1 is not installed.

dpkg: warning: ignoring pre-dependency problem!
dpkg: regarding .../dpkg_1.21.1ubuntu2_amd64.deb containing dpkg, pre-dependency problem:
 dpkg pre-depends on libzstd1 (>= 1.4.0)
  libzstd1 is not installed.

dpkg: warning: ignoring pre-dependency problem!
dpkg: regarding .../dpkg_1.21.1ubuntu2_amd64.deb containing dpkg, pre-dependency problem:
 dpkg pre-depends on zlib1g (>= 1:1.1.4)
  zlib1g is not installed.

dpkg: warning: ignoring pre-dependency problem!
(Reading database ... 133 files and directories currently installed.)
Preparing to unpack .../dpkg_1.21.1ubuntu2_amd64.deb ...
Unpacking dpkg (1.21.1ubuntu2) over (1.21.1ubuntu2) ...
dpkg: dpkg: dependency problems, but configuring anyway as you requested:
 dpkg depends on libbz2-1.0; however:
  Package libbz2-1.0 is not installed.
 dpkg depends on libc6 (>= 2.34); however:
  Package libc6 is not installed.
 dpkg depends on liblzma5 (>= 5.2.2); however:
  Package liblzma5 is not installed.
 dpkg depends on libselinux1 (>= 3.1~); however:
  Package libselinux1 is not installed.
 dpkg depends on libzstd1 (>= 1.4.0); however:
  Package libzstd1 is not installed.
 dpkg depends on zlib1g (>= 1:1.1.4); however:
  Package zlib1g is not installed.
 dpkg depends on tar (>= 1.28-1); however:
  Package tar is not installed.

Setting up dpkg (1.21.1ubuntu2) ...
Selecting previously unselected package libc6:amd64.
(Reading database ... 416 files and directories currently installed.)
Preparing to unpack .../libc6_2.35-0ubuntu3_amd64.deb ...
Unpacking libc6:amd64 (2.35-0ubuntu3) ...
dpkg: libc6:amd64: dependency problems, but configuring anyway as you requested:
 libc6:amd64 depends on libgcc-s1; however:
  Package libgcc-s1 is not installed.
 libc6:amd64 depends on libcrypt1 (>= 1:4.4.10-10ubuntu4); however:
  Package libcrypt1 is not installed.

Setting up libc6:amd64 (2.35-0ubuntu3) ...
Selecting previously unselected package perl-base.
dpkg: regarding .../perl-base_5.34.0-3ubuntu1_amd64.deb containing perl-base, pre-dependency problem:
 perl-base pre-depends on libcrypt1 (>= 1:4.1.0)
  libcrypt1 is not installed.

dpkg: warning: ignoring pre-dependency problem!
(Reading database ... 710 files and directories currently installed.)
Preparing to unpack .../perl-base_5.34.0-3ubuntu1_amd64.deb ...
Unpacking perl-base (5.34.0-3ubuntu1) ...
dpkg: perl-base: dependency problems, but configuring anyway as you requested:
 perl-base depends on libcrypt1 (>= 1:4.1.0); however:
  Package libcrypt1 is not installed.

Setting up perl-base (5.34.0-3ubuntu1) ...
Selecting previously unselected package mawk.
(Reading database ... 1434 files and directories currently installed.)
Preparing to unpack .../mawk_1.3.4.20200120-3_amd64.deb ...
Unpacking mawk (1.3.4.20200120-3) ...
Setting up mawk (1.3.4.20200120-3) ...
update-alternatives: using /usr/bin/mawk to provide /usr/bin/awk (awk) in auto mode
(Reading database ... 1452 files and directories currently installed.)
Preparing to unpack .../base-files_12ubuntu4_amd64.deb ...
Unpacking base-files (12ubuntu4) over (12ubuntu4) ...
Preparing to unpack .../base-passwd_3.5.52build1_amd64.deb ...
Unpacking base-passwd (3.5.52build1) over (3.5.52build1) ...
Selecting previously unselected package bash.
dpkg: regarding .../bash_5.1-6ubuntu1_amd64.deb containing bash, pre-dependency problem:
 bash pre-depends on libtinfo6 (>= 6)
  libtinfo6 is not installed.

dpkg: warning: ignoring pre-dependency problem!
Preparing to unpack .../bash_5.1-6ubuntu1_amd64.deb ...
Unpacking bash (5.1-6ubuntu1) ...
Selecting previously unselected package bsdutils.
dpkg: regarding .../bsdutils_1%3a2.37.2-4ubuntu3_amd64.deb containing bsdutils, pre-dependency problem:
 bsdutils pre-depends on libsystemd0
  libsystemd0 is not installed.

dpkg: warning: ignoring pre-dependency problem!
Preparing to unpack .../bsdutils_1%3a2.37.2-4ubuntu3_amd64.deb ...
Unpacking bsdutils (1:2.37.2-4ubuntu3) ...
Selecting previously unselected package coreutils.
dpkg: regarding .../coreutils_8.32-4.1ubuntu1_amd64.deb containing coreutils, pre-dependency problem:
 coreutils pre-depends on libacl1 (>= 2.2.23)
  libacl1 is not installed.

dpkg: warning: ignoring pre-dependency problem!
dpkg: regarding .../coreutils_8.32-4.1ubuntu1_amd64.deb containing coreutils, pre-dependency problem:
 coreutils pre-depends on libattr1 (>= 1:2.4.44)
  libattr1 is not installed.

dpkg: warning: ignoring pre-dependency problem!
dpkg: regarding .../coreutils_8.32-4.1ubuntu1_amd64.deb containing coreutils, pre-dependency problem:
 coreutils pre-depends on libgmp10 (>= 2:6.2.1+dfsg)
  libgmp10 is not installed.

dpkg: warning: ignoring pre-dependency problem!
dpkg: regarding .../coreutils_8.32-4.1ubuntu1_amd64.deb containing coreutils, pre-dependency problem:
 coreutils pre-depends on libselinux1 (>= 3.1~)
  libselinux1 is not installed.

dpkg: warning: ignoring pre-dependency problem!
Preparing to unpack .../coreutils_8.32-4.1ubuntu1_amd64.deb ...
Unpacking coreutils (8.32-4.1ubuntu1) ...
Selecting previously unselected package dash.
Preparing to unpack .../dash_0.5.11+git20210903+057cd650a4ed-3build1_amd64.deb ...
Unpacking dash (0.5.11+git20210903+057cd650a4ed-3build1) ...
Selecting previously unselected package debconf.
Preparing to unpack .../debconf_1.5.79ubuntu1_all.deb ...
Unpacking debconf (1.5.79ubuntu1) ...
Selecting previously unselected package debianutils.
Preparing to unpack .../debianutils_5.5-1ubuntu2_amd64.deb ...
Unpacking debianutils (5.5-1ubuntu2) ...
Selecting previously unselected package diffutils.
Preparing to unpack .../diffutils_1%3a3.8-0ubuntu2_amd64.deb ...
Unpacking diffutils (1:3.8-0ubuntu2) ...
dpkg: regarding .../dpkg_1.21.1ubuntu2_amd64.deb containing dpkg, pre-dependency problem:
 dpkg pre-depends on libbz2-1.0
  libbz2-1.0 is not installed.

dpkg: warning: ignoring pre-dependency problem!
dpkg: regarding .../dpkg_1.21.1ubuntu2_amd64.deb containing dpkg, pre-dependency problem:
 dpkg pre-depends on liblzma5 (>= 5.2.2)
  liblzma5 is not installed.

dpkg: warning: ignoring pre-dependency problem!
dpkg: regarding .../dpkg_1.21.1ubuntu2_amd64.deb containing dpkg, pre-dependency problem:
 dpkg pre-depends on libselinux1 (>= 3.1~)
  libselinux1 is not installed.

dpkg: warning: ignoring pre-dependency problem!
dpkg: regarding .../dpkg_1.21.1ubuntu2_amd64.deb containing dpkg, pre-dependency problem:
 dpkg pre-depends on libzstd1 (>= 1.4.0)
  libzstd1 is not installed.

dpkg: warning: ignoring pre-dependency problem!
dpkg: regarding .../dpkg_1.21.1ubuntu2_amd64.deb containing dpkg, pre-dependency problem:
 dpkg pre-depends on zlib1g (>= 1:1.1.4)
  zlib1g is not installed.

dpkg: warning: ignoring pre-dependency problem!
Preparing to unpack .../dpkg_1.21.1ubuntu2_amd64.deb ...
Unpacking dpkg (1.21.1ubuntu2) over (1.21.1ubuntu2) ...
Selecting previously unselected package e2fsprogs.
dpkg: regarding .../e2fsprogs_1.46.5-2ubuntu1_amd64.deb containing e2fsprogs, pre-dependency problem:
 e2fsprogs pre-depends on libblkid1 (>= 2.36)
  libblkid1 is not installed.

dpkg: warning: ignoring pre-dependency problem!
dpkg: regarding .../e2fsprogs_1.46.5-2ubuntu1_amd64.deb containing e2fsprogs, pre-dependency problem:
 e2fsprogs pre-depends on libcom-err2 (>= 1.43.9)
  libcom-err2 is not installed.

dpkg: warning: ignoring pre-dependency problem!
dpkg: regarding .../e2fsprogs_1.46.5-2ubuntu1_amd64.deb containing e2fsprogs, pre-dependency problem:
 e2fsprogs pre-depends on libext2fs2 (= 1.46.5-2ubuntu1)
  libext2fs2 is not installed.

dpkg: warning: ignoring pre-dependency problem!
dpkg: regarding .../e2fsprogs_1.46.5-2ubuntu1_amd64.deb containing e2fsprogs, pre-dependency problem:
 e2fsprogs pre-depends on libss2 (>= 1.38)
  libss2 is not installed.

dpkg: warning: ignoring pre-dependency problem!
dpkg: regarding .../e2fsprogs_1.46.5-2ubuntu1_amd64.deb containing e2fsprogs, pre-dependency problem:
 e2fsprogs pre-depends on libuuid1 (>= 2.16)
  libuuid1 is not installed.

dpkg: warning: ignoring pre-dependency problem!
Preparing to unpack .../e2fsprogs_1.46.5-2ubuntu1_amd64.deb ...
Unpacking e2fsprogs (1.46.5-2ubuntu1) ...
Selecting previously unselected package findutils.
dpkg: regarding .../findutils_4.8.0-1ubuntu3_amd64.deb containing findutils, pre-dependency problem:
 findutils pre-depends on libselinux1 (>= 3.1~)
  libselinux1 is not installed.

dpkg: warning: ignoring pre-dependency problem!
Preparing to unpack .../findutils_4.8.0-1ubuntu3_amd64.deb ...
Unpacking findutils (4.8.0-1ubuntu3) ...
Selecting previously unselected package gcc-12-base:amd64.
Preparing to unpack .../gcc-12-base_12-20220319-1ubuntu1_amd64.deb ...
Unpacking gcc-12-base:amd64 (12-20220319-1ubuntu1) ...
Selecting previously unselected package grep.
dpkg: regarding .../grep_3.7-1build1_amd64.deb containing grep, pre-dependency problem:
 grep pre-depends on libpcre3
  libpcre3 is not installed.

dpkg: warning: ignoring pre-dependency problem!
Preparing to unpack .../grep_3.7-1build1_amd64.deb ...
Unpacking grep (3.7-1build1) ...
Selecting previously unselected package gzip.
Preparing to unpack .../gzip_1.10-4ubuntu4_amd64.deb ...
Unpacking gzip (1.10-4ubuntu4) ...
Selecting previously unselected package hostname.
Preparing to unpack .../hostname_3.23ubuntu2_amd64.deb ...
Unpacking hostname (3.23ubuntu2) ...
Selecting previously unselected package init-system-helpers.
Preparing to unpack .../init-system-helpers_1.62_all.deb ...
Unpacking init-system-helpers (1.62) ...
Selecting previously unselected package libacl1:amd64.
Preparing to unpack .../libacl1_2.3.1-1_amd64.deb ...
Unpacking libacl1:amd64 (2.3.1-1) ...
Selecting previously unselected package libattr1:amd64.
Preparing to unpack .../libattr1_1%3a2.5.1-1build1_amd64.deb ...
Unpacking libattr1:amd64 (1:2.5.1-1build1) ...
Selecting previously unselected package libaudit-common.
Preparing to unpack .../libaudit-common_1%3a3.0.7-1build1_all.deb ...
Unpacking libaudit-common (1:3.0.7-1build1) ...
Selecting previously unselected package libaudit1:amd64.
Preparing to unpack .../libaudit1_1%3a3.0.7-1build1_amd64.deb ...
Unpacking libaudit1:amd64 (1:3.0.7-1build1) ...
Selecting previously unselected package libblkid1:amd64.
Preparing to unpack .../libblkid1_2.37.2-4ubuntu3_amd64.deb ...
Unpacking libblkid1:amd64 (2.37.2-4ubuntu3) ...
Selecting previously unselected package libbz2-1.0:amd64.
Preparing to unpack .../libbz2-1.0_1.0.8-5build1_amd64.deb ...
Unpacking libbz2-1.0:amd64 (1.0.8-5build1) ...
Selecting previously unselected package libc-bin.
Preparing to unpack .../libc-bin_2.35-0ubuntu3_amd64.deb ...
Unpacking libc-bin (2.35-0ubuntu3) ...
Preparing to unpack .../libc6_2.35-0ubuntu3_amd64.deb ...
/var/lib/dpkg/tmp.ci/preinst: 177: which: not found
Unpacking libc6:amd64 (2.35-0ubuntu3) over (2.35-0ubuntu3) ...
Selecting previously unselected package libcap-ng0:amd64.
Preparing to unpack .../libcap-ng0_0.7.9-2.2build3_amd64.deb ...
Unpacking libcap-ng0:amd64 (0.7.9-2.2build3) ...
Selecting previously unselected package libcap2:amd64.
Preparing to unpack .../libcap2_1%3a2.44-1build3_amd64.deb ...
Unpacking libcap2:amd64 (1:2.44-1build3) ...
Selecting previously unselected package libcom-err2:amd64.
Preparing to unpack .../libcom-err2_1.46.5-2ubuntu1_amd64.deb ...
Unpacking libcom-err2:amd64 (1.46.5-2ubuntu1) ...
Selecting previously unselected package libcrypt1:amd64.
Preparing to unpack .../libcrypt1_1%3a4.4.27-1_amd64.deb ...
Unpacking libcrypt1:amd64 (1:4.4.27-1) ...
Selecting previously unselected package libdb5.3:amd64.
Preparing to unpack .../libdb5.3_5.3.28+dfsg1-0.8ubuntu3_amd64.deb ...
Unpacking libdb5.3:amd64 (5.3.28+dfsg1-0.8ubuntu3) ...
Selecting previously unselected package libdebconfclient0:amd64.
Preparing to unpack .../libdebconfclient0_0.261ubuntu1_amd64.deb ...
Unpacking libdebconfclient0:amd64 (0.261ubuntu1) ...
Selecting previously unselected package libext2fs2:amd64.
Preparing to unpack .../libext2fs2_1.46.5-2ubuntu1_amd64.deb ...
Unpacking libext2fs2:amd64 (1.46.5-2ubuntu1) ...
Selecting previously unselected package libgcc-s1:amd64.
Preparing to unpack .../libgcc-s1_12-20220319-1ubuntu1_amd64.deb ...
Unpacking libgcc-s1:amd64 (12-20220319-1ubuntu1) ...
Selecting previously unselected package libgcrypt20:amd64.
Preparing to unpack .../libgcrypt20_1.9.4-3ubuntu3_amd64.deb ...
Unpacking libgcrypt20:amd64 (1.9.4-3ubuntu3) ...
Selecting previously unselected package libgmp10:amd64.
Preparing to unpack .../libgmp10_2%3a6.2.1+dfsg-3ubuntu1_amd64.deb ...
Unpacking libgmp10:amd64 (2:6.2.1+dfsg-3ubuntu1) ...
Selecting previously unselected package libgpg-error0:amd64.
Preparing to unpack .../libgpg-error0_1.43-3_amd64.deb ...
Unpacking libgpg-error0:amd64 (1.43-3) ...
Selecting previously unselected package libgssapi-krb5-2:amd64.
Preparing to unpack .../libgssapi-krb5-2_1.19.2-2_amd64.deb ...
Unpacking libgssapi-krb5-2:amd64 (1.19.2-2) ...
Selecting previously unselected package libk5crypto3:amd64.
Preparing to unpack .../libk5crypto3_1.19.2-2_amd64.deb ...
Unpacking libk5crypto3:amd64 (1.19.2-2) ...
Selecting previously unselected package libkeyutils1:amd64.
Preparing to unpack .../libkeyutils1_1.6.1-2ubuntu3_amd64.deb ...
Unpacking libkeyutils1:amd64 (1.6.1-2ubuntu3) ...
Selecting previously unselected package libkrb5-3:amd64.
Preparing to unpack .../libkrb5-3_1.19.2-2_amd64.deb ...
Unpacking libkrb5-3:amd64 (1.19.2-2) ...
Selecting previously unselected package libkrb5support0:amd64.
Preparing to unpack .../libkrb5support0_1.19.2-2_amd64.deb ...
Unpacking libkrb5support0:amd64 (1.19.2-2) ...
Selecting previously unselected package liblz4-1:amd64.
Preparing to unpack .../liblz4-1_1.9.3-2build2_amd64.deb ...
Unpacking liblz4-1:amd64 (1.9.3-2build2) ...
Selecting previously unselected package liblzma5:amd64.
Preparing to unpack .../liblzma5_5.2.5-2ubuntu1_amd64.deb ...
Unpacking liblzma5:amd64 (5.2.5-2ubuntu1) ...
Selecting previously unselected package libmount1:amd64.
Preparing to unpack .../libmount1_2.37.2-4ubuntu3_amd64.deb ...
Unpacking libmount1:amd64 (2.37.2-4ubuntu3) ...
Selecting previously unselected package libncurses6:amd64.
Preparing to unpack .../libncurses6_6.3-2_amd64.deb ...
Unpacking libncurses6:amd64 (6.3-2) ...
Selecting previously unselected package libncursesw6:amd64.
Preparing to unpack .../libncursesw6_6.3-2_amd64.deb ...
Unpacking libncursesw6:amd64 (6.3-2) ...
Selecting previously unselected package libnsl2:amd64.
Preparing to unpack .../libnsl2_1.3.0-2build2_amd64.deb ...
Unpacking libnsl2:amd64 (1.3.0-2build2) ...
Selecting previously unselected package libpam-modules:amd64.
dpkg: regarding .../libpam-modules_1.4.0-11ubuntu2_amd64.deb containing libpam-modules:amd64, pre-dependency problem:
 libpam-modules pre-depends on libaudit1 (>= 1:2.2.1)
  libaudit1:amd64 is unpacked, but has never been configured.

dpkg: warning: ignoring pre-dependency problem!
dpkg: regarding .../libpam-modules_1.4.0-11ubuntu2_amd64.deb containing libpam-modules:amd64, pre-dependency problem:
 libpam-modules pre-depends on libcrypt1 (>= 1:4.3.0)
  libcrypt1:amd64 is unpacked, but has never been configured.

dpkg: warning: ignoring pre-dependency problem!
dpkg: regarding .../libpam-modules_1.4.0-11ubuntu2_amd64.deb containing libpam-modules:amd64, pre-dependency problem:
 libpam-modules pre-depends on libdb5.3
  libdb5.3:amd64 is unpacked, but has never been configured.

dpkg: warning: ignoring pre-dependency problem!
dpkg: regarding .../libpam-modules_1.4.0-11ubuntu2_amd64.deb containing libpam-modules:amd64, pre-dependency problem:
 libpam-modules pre-depends on libnsl2 (>= 1.0)
  libnsl2:amd64 is unpacked, but has never been configured.

dpkg: warning: ignoring pre-dependency problem!
dpkg: regarding .../libpam-modules_1.4.0-11ubuntu2_amd64.deb containing libpam-modules:amd64, pre-dependency problem:
 libpam-modules pre-depends on libpam0g (>= 1.3.2)
  libpam0g is not installed.

dpkg: warning: ignoring pre-dependency problem!
dpkg: regarding .../libpam-modules_1.4.0-11ubuntu2_amd64.deb containing libpam-modules:amd64, pre-dependency problem:
 libpam-modules pre-depends on libselinux1 (>= 3.1~)
  libselinux1 is not installed.

dpkg: warning: ignoring pre-dependency problem!
dpkg: regarding .../libpam-modules_1.4.0-11ubuntu2_amd64.deb containing libpam-modules:amd64, pre-dependency problem:
 libpam-modules pre-depends on libtirpc3 (>= 1.0.2)
  libtirpc3 is not installed.

dpkg: warning: ignoring pre-dependency problem!
dpkg: regarding .../libpam-modules_1.4.0-11ubuntu2_amd64.deb containing libpam-modules:amd64, pre-dependency problem:
 libpam-modules pre-depends on debconf (>= 0.5) | debconf-2.0
  debconf is unpacked, but has never been configured.
  debconf provides debconf-2.0 but is unpacked but not configured.

dpkg: warning: ignoring pre-dependency problem!
dpkg: regarding .../libpam-modules_1.4.0-11ubuntu2_amd64.deb containing libpam-modules:amd64, pre-dependency problem:
 libpam-modules pre-depends on libpam-modules-bin (= 1.4.0-11ubuntu2)
  libpam-modules-bin is not installed.

dpkg: warning: ignoring pre-dependency problem!
Preparing to unpack .../libpam-modules_1.4.0-11ubuntu2_amd64.deb ...
Unpacking libpam-modules:amd64 (1.4.0-11ubuntu2) ...
Selecting previously unselected package libpam-modules-bin.
Preparing to unpack .../libpam-modules-bin_1.4.0-11ubuntu2_amd64.deb ...
Unpacking libpam-modules-bin (1.4.0-11ubuntu2) ...
Selecting previously unselected package libpam-runtime.
Preparing to unpack .../libpam-runtime_1.4.0-11ubuntu2_all.deb ...
Unpacking libpam-runtime (1.4.0-11ubuntu2) ...
Selecting previously unselected package libpam0g:amd64.
Preparing to unpack .../libpam0g_1.4.0-11ubuntu2_amd64.deb ...
Unpacking libpam0g:amd64 (1.4.0-11ubuntu2) ...
Selecting previously unselected package libpcre2-8-0:amd64.
Preparing to unpack .../libpcre2-8-0_10.39-3build1_amd64.deb ...
Unpacking libpcre2-8-0:amd64 (10.39-3build1) ...
Selecting previously unselected package libpcre3:amd64.
Preparing to unpack .../libpcre3_2%3a8.39-13build5_amd64.deb ...
Unpacking libpcre3:amd64 (2:8.39-13build5) ...
Selecting previously unselected package libprocps8:amd64.
Preparing to unpack .../libprocps8_2%3a3.3.17-6ubuntu2_amd64.deb ...
Unpacking libprocps8:amd64 (2:3.3.17-6ubuntu2) ...
Selecting previously unselected package libselinux1:amd64.
Preparing to unpack .../libselinux1_3.3-1build2_amd64.deb ...
Unpacking libselinux1:amd64 (3.3-1build2) ...
Selecting previously unselected package libsemanage-common.
Preparing to unpack .../libsemanage-common_3.3-1build2_all.deb ...
Unpacking libsemanage-common (3.3-1build2) ...
Selecting previously unselected package libsemanage2:amd64.
Preparing to unpack .../libsemanage2_3.3-1build2_amd64.deb ...
Unpacking libsemanage2:amd64 (3.3-1build2) ...
Selecting previously unselected package libsepol2:amd64.
Preparing to unpack .../libsepol2_3.3-1build1_amd64.deb ...
Unpacking libsepol2:amd64 (3.3-1build1) ...
Selecting previously unselected package libsmartcols1:amd64.
Preparing to unpack .../libsmartcols1_2.37.2-4ubuntu3_amd64.deb ...
Unpacking libsmartcols1:amd64 (2.37.2-4ubuntu3) ...
Selecting previously unselected package libss2:amd64.
Preparing to unpack .../libss2_1.46.5-2ubuntu1_amd64.deb ...
Unpacking libss2:amd64 (1.46.5-2ubuntu1) ...
Selecting previously unselected package libssl3:amd64.
Preparing to unpack .../libssl3_3.0.2-0ubuntu1_amd64.deb ...
Unpacking libssl3:amd64 (3.0.2-0ubuntu1) ...
Selecting previously unselected package libsystemd0:amd64.
dpkg: regarding .../libsystemd0_249.11-0ubuntu3_amd64.deb containing libsystemd0:amd64, pre-dependency problem:
 libsystemd0 pre-depends on libcap2 (>= 1:2.24-9~)
  libcap2:amd64 is unpacked, but has never been configured.

dpkg: warning: ignoring pre-dependency problem!
dpkg: regarding .../libsystemd0_249.11-0ubuntu3_amd64.deb containing libsystemd0:amd64, pre-dependency problem:
 libsystemd0 pre-depends on libgcrypt20 (>= 1.9.0)
  libgcrypt20:amd64 is unpacked, but has never been configured.

dpkg: warning: ignoring pre-dependency problem!
dpkg: regarding .../libsystemd0_249.11-0ubuntu3_amd64.deb containing libsystemd0:amd64, pre-dependency problem:
 libsystemd0 pre-depends on liblz4-1 (>= 0.0~r122)
  liblz4-1:amd64 is unpacked, but has never been configured.

dpkg: warning: ignoring pre-dependency problem!
dpkg: regarding .../libsystemd0_249.11-0ubuntu3_amd64.deb containing libsystemd0:amd64, pre-dependency problem:
 libsystemd0 pre-depends on liblzma5 (>= 5.1.1alpha+20120614)
  liblzma5:amd64 is unpacked, but has never been configured.

dpkg: warning: ignoring pre-dependency problem!
dpkg: regarding .../libsystemd0_249.11-0ubuntu3_amd64.deb containing libsystemd0:amd64, pre-dependency problem:
 libsystemd0 pre-depends on libzstd1 (>= 1.4.0)
  libzstd1 is not installed.

dpkg: warning: ignoring pre-dependency problem!
Preparing to unpack .../libsystemd0_249.11-0ubuntu3_amd64.deb ...
Unpacking libsystemd0:amd64 (249.11-0ubuntu3) ...
Selecting previously unselected package libtinfo6:amd64.
Preparing to unpack .../libtinfo6_6.3-2_amd64.deb ...
Unpacking libtinfo6:amd64 (6.3-2) ...
Selecting previously unselected package libtirpc-common.
Preparing to unpack .../libtirpc-common_1.3.2-2build1_all.deb ...
Unpacking libtirpc-common (1.3.2-2build1) ...
Selecting previously unselected package libtirpc3:amd64.
Preparing to unpack .../libtirpc3_1.3.2-2build1_amd64.deb ...
Unpacking libtirpc3:amd64 (1.3.2-2build1) ...
Selecting previously unselected package libudev1:amd64.
Preparing to unpack .../libudev1_249.11-0ubuntu3_amd64.deb ...
Unpacking libudev1:amd64 (249.11-0ubuntu3) ...
Selecting previously unselected package libuuid1:amd64.
Preparing to unpack .../libuuid1_2.37.2-4ubuntu3_amd64.deb ...
Unpacking libuuid1:amd64 (2.37.2-4ubuntu3) ...
Selecting previously unselected package libzstd1:amd64.
Preparing to unpack .../libzstd1_1.4.8+dfsg-3build1_amd64.deb ...
Unpacking libzstd1:amd64 (1.4.8+dfsg-3build1) ...
Selecting previously unselected package login.
dpkg: regarding .../login_1%3a4.8.1-2ubuntu2_amd64.deb containing login, pre-dependency problem:
 login pre-depends on libaudit1 (>= 1:2.2.1)
  libaudit1:amd64 is unpacked, but has never been configured.

dpkg: warning: ignoring pre-dependency problem!
dpkg: regarding .../login_1%3a4.8.1-2ubuntu2_amd64.deb containing login, pre-dependency problem:
 login pre-depends on libcrypt1 (>= 1:4.1.0)
  libcrypt1:amd64 is unpacked, but has never been configured.

dpkg: warning: ignoring pre-dependency problem!
dpkg: regarding .../login_1%3a4.8.1-2ubuntu2_amd64.deb containing login, pre-dependency problem:
 login pre-depends on libpam0g (>= 0.99.7.1)
  libpam0g:amd64 is unpacked, but has never been configured.

dpkg: warning: ignoring pre-dependency problem!
dpkg: regarding .../login_1%3a4.8.1-2ubuntu2_amd64.deb containing login, pre-dependency problem:
 login pre-depends on libpam-runtime
  libpam-runtime is unpacked, but has never been configured.

dpkg: warning: ignoring pre-dependency problem!
dpkg: regarding .../login_1%3a4.8.1-2ubuntu2_amd64.deb containing login, pre-dependency problem:
 login pre-depends on libpam-modules
  libpam-modules:amd64 is unpacked, but has never been configured.

dpkg: warning: ignoring pre-dependency problem!
Preparing to unpack .../login_1%3a4.8.1-2ubuntu2_amd64.deb ...
Unpacking login (1:4.8.1-2ubuntu2) ...
Selecting previously unselected package logsave.
Preparing to unpack .../logsave_1.46.5-2ubuntu1_amd64.deb ...
Unpacking logsave (1.46.5-2ubuntu1) ...
Selecting previously unselected package lsb-base.
Preparing to unpack .../lsb-base_11.1.0ubuntu4_all.deb ...
Unpacking lsb-base (11.1.0ubuntu4) ...
Preparing to unpack .../mawk_1.3.4.20200120-3_amd64.deb ...
Unpacking mawk (1.3.4.20200120-3) over (1.3.4.20200120-3) ...
Selecting previously unselected package mount.
dpkg: regarding .../mount_2.37.2-4ubuntu3_amd64.deb containing mount, pre-dependency problem:
 mount pre-depends on libblkid1 (>= 2.17.2)
  libblkid1:amd64 is unpacked, but has never been configured.

dpkg: warning: ignoring pre-dependency problem!
dpkg: regarding .../mount_2.37.2-4ubuntu3_amd64.deb containing mount, pre-dependency problem:
 mount pre-depends on libmount1 (>= 2.37.2)
  libmount1:amd64 is unpacked, but has never been configured.

dpkg: warning: ignoring pre-dependency problem!
dpkg: regarding .../mount_2.37.2-4ubuntu3_amd64.deb containing mount, pre-dependency problem:
 mount pre-depends on libselinux1 (>= 3.1~)
  libselinux1:amd64 is unpacked, but has never been configured.

dpkg: warning: ignoring pre-dependency problem!
dpkg: regarding .../mount_2.37.2-4ubuntu3_amd64.deb containing mount, pre-dependency problem:
 mount pre-depends on libsmartcols1 (>= 2.33)
  libsmartcols1:amd64 is unpacked, but has never been configured.

dpkg: warning: ignoring pre-dependency problem!
Preparing to unpack .../mount_2.37.2-4ubuntu3_amd64.deb ...
Unpacking mount (2.37.2-4ubuntu3) ...
Selecting previously unselected package ncurses-base.
Preparing to unpack .../ncurses-base_6.3-2_all.deb ...
Unpacking ncurses-base (6.3-2) ...
Selecting previously unselected package ncurses-bin.
dpkg: regarding .../ncurses-bin_6.3-2_amd64.deb containing ncurses-bin, pre-dependency problem:
 ncurses-bin pre-depends on libtinfo6 (>= 6.3)
  libtinfo6:amd64 is unpacked, but has never been configured.

dpkg: warning: ignoring pre-dependency problem!
Preparing to unpack .../ncurses-bin_6.3-2_amd64.deb ...
Unpacking ncurses-bin (6.3-2) ...
Selecting previously unselected package passwd.
Preparing to unpack .../passwd_1%3a4.8.1-2ubuntu2_amd64.deb ...
Unpacking passwd (1:4.8.1-2ubuntu2) ...
dpkg: regarding .../perl-base_5.34.0-3ubuntu1_amd64.deb containing perl-base, pre-dependency problem:
 perl-base pre-depends on libcrypt1 (>= 1:4.1.0)
  libcrypt1:amd64 is unpacked, but has never been configured.

dpkg: warning: ignoring pre-dependency problem!
Preparing to unpack .../perl-base_5.34.0-3ubuntu1_amd64.deb ...
Unpacking perl-base (5.34.0-3ubuntu1) over (5.34.0-3ubuntu1) ...
Selecting previously unselected package procps.
Preparing to unpack .../procps_2%3a3.3.17-6ubuntu2_amd64.deb ...
Unpacking procps (2:3.3.17-6ubuntu2) ...
Selecting previously unselected package sed.
dpkg: regarding .../sed_4.8-1ubuntu2_amd64.deb containing sed, pre-dependency problem:
 sed pre-depends on libacl1 (>= 2.2.23)
  libacl1:amd64 is unpacked, but has never been configured.

dpkg: warning: ignoring pre-dependency problem!
dpkg: regarding .../sed_4.8-1ubuntu2_amd64.deb containing sed, pre-dependency problem:
 sed pre-depends on libselinux1 (>= 3.1~)
  libselinux1:amd64 is unpacked, but has never been configured.

dpkg: warning: ignoring pre-dependency problem!
Preparing to unpack .../sed_4.8-1ubuntu2_amd64.deb ...
Unpacking sed (4.8-1ubuntu2) ...
Selecting previously unselected package sensible-utils.
Preparing to unpack .../sensible-utils_0.0.17_all.deb ...
Unpacking sensible-utils (0.0.17) ...
Selecting previously unselected package sysvinit-utils.
Preparing to unpack .../sysvinit-utils_3.01-1ubuntu1_amd64.deb ...
Unpacking sysvinit-utils (3.01-1ubuntu1) ...
Selecting previously unselected package tar.
dpkg: regarding .../tar_1.34+dfsg-1build3_amd64.deb containing tar, pre-dependency problem:
 tar pre-depends on libacl1 (>= 2.2.23)
  libacl1:amd64 is unpacked, but has never been configured.

dpkg: warning: ignoring pre-dependency problem!
dpkg: regarding .../tar_1.34+dfsg-1build3_amd64.deb containing tar, pre-dependency problem:
 tar pre-depends on libselinux1 (>= 3.1~)
  libselinux1:amd64 is unpacked, but has never been configured.

dpkg: warning: ignoring pre-dependency problem!
Preparing to unpack .../tar_1.34+dfsg-1build3_amd64.deb ...
Unpacking tar (1.34+dfsg-1build3) ...
Selecting previously unselected package usrmerge.
Preparing to unpack .../usrmerge_25ubuntu2_all.deb ...
Unpacking usrmerge (25ubuntu2) ...
Selecting previously unselected package util-linux.
dpkg: regarding .../util-linux_2.37.2-4ubuntu3_amd64.deb containing util-linux, pre-dependency problem:
 util-linux pre-depends on libaudit1 (>= 1:2.2.1)
  libaudit1:amd64 is unpacked, but has never been configured.

dpkg: warning: ignoring pre-dependency problem!
dpkg: regarding .../util-linux_2.37.2-4ubuntu3_amd64.deb containing util-linux, pre-dependency problem:
 util-linux pre-depends on libblkid1 (>= 2.37.2)
  libblkid1:amd64 is unpacked, but has never been configured.

dpkg: warning: ignoring pre-dependency problem!
dpkg: regarding .../util-linux_2.37.2-4ubuntu3_amd64.deb containing util-linux, pre-dependency problem:
 util-linux pre-depends on libcap-ng0 (>= 0.7.9)
  libcap-ng0:amd64 is unpacked, but has never been configured.

dpkg: warning: ignoring pre-dependency problem!
dpkg: regarding .../util-linux_2.37.2-4ubuntu3_amd64.deb containing util-linux, pre-dependency problem:
 util-linux pre-depends on libcrypt1 (>= 1:4.1.0)
  libcrypt1:amd64 is unpacked, but has never been configured.

dpkg: warning: ignoring pre-dependency problem!
dpkg: regarding .../util-linux_2.37.2-4ubuntu3_amd64.deb containing util-linux, pre-dependency problem:
 util-linux pre-depends on libmount1 (>= 2.37.2)
  libmount1:amd64 is unpacked, but has never been configured.

dpkg: warning: ignoring pre-dependency problem!
dpkg: regarding .../util-linux_2.37.2-4ubuntu3_amd64.deb containing util-linux, pre-dependency problem:
 util-linux pre-depends on libpam0g (>= 0.99.7.1)
  libpam0g:amd64 is unpacked, but has never been configured.

dpkg: warning: ignoring pre-dependency problem!
dpkg: regarding .../util-linux_2.37.2-4ubuntu3_amd64.deb containing util-linux, pre-dependency problem:
 util-linux pre-depends on libselinux1 (>= 3.1~)
  libselinux1:amd64 is unpacked, but has never been configured.

dpkg: warning: ignoring pre-dependency problem!
dpkg: regarding .../util-linux_2.37.2-4ubuntu3_amd64.deb containing util-linux, pre-dependency problem:
 util-linux pre-depends on libsmartcols1 (>= 2.34)
  libsmartcols1:amd64 is unpacked, but has never been configured.

dpkg: warning: ignoring pre-dependency problem!
dpkg: regarding .../util-linux_2.37.2-4ubuntu3_amd64.deb containing util-linux, pre-dependency problem:
 util-linux pre-depends on libsystemd0
  libsystemd0:amd64 is unpacked, but has never been configured.

dpkg: warning: ignoring pre-dependency problem!
dpkg: regarding .../util-linux_2.37.2-4ubuntu3_amd64.deb containing util-linux, pre-dependency problem:
 util-linux pre-depends on libtinfo6 (>= 6)
  libtinfo6:amd64 is unpacked, but has never been configured.

dpkg: warning: ignoring pre-dependency problem!
dpkg: regarding .../util-linux_2.37.2-4ubuntu3_amd64.deb containing util-linux, pre-dependency problem:
 util-linux pre-depends on libudev1 (>= 183)
  libudev1:amd64 is unpacked, but has never been configured.

dpkg: warning: ignoring pre-dependency problem!
dpkg: regarding .../util-linux_2.37.2-4ubuntu3_amd64.deb containing util-linux, pre-dependency problem:
 util-linux pre-depends on libuuid1 (>= 2.16)
  libuuid1:amd64 is unpacked, but has never been configured.

dpkg: warning: ignoring pre-dependency problem!
dpkg: regarding .../util-linux_2.37.2-4ubuntu3_amd64.deb containing util-linux, pre-dependency problem:
 util-linux pre-depends on zlib1g (>= 1:1.1.4)
  zlib1g is not installed.

dpkg: warning: ignoring pre-dependency problem!
Preparing to unpack .../util-linux_2.37.2-4ubuntu3_amd64.deb ...
Unpacking util-linux (2.37.2-4ubuntu3) ...
Selecting previously unselected package zlib1g:amd64.
Preparing to unpack .../zlib1g_1%3a1.2.11.dfsg-2ubuntu9_amd64.deb ...
Unpacking zlib1g:amd64 (1:1.2.11.dfsg-2ubuntu9) ...
Setting up lsb-base (11.1.0ubuntu4) ...
Setting up libtirpc-common (1.3.2-2build1) ...
Setting up libaudit-common (1:3.0.7-1build1) ...
Setting up libsemanage-common (3.3-1build2) ...
Setting up gcc-12-base:amd64 (12-20220319-1ubuntu1) ...
Setting up ncurses-base (6.3-2) ...
Setting up sensible-utils (0.0.17) ...
Setting up libcrypt1:amd64 (1:4.4.27-1) ...
Setting up libgcc-s1:amd64 (12-20220319-1ubuntu1) ...
Setting up libc6:amd64 (2.35-0ubuntu3) ...
/var/lib/dpkg/info/libc6:amd64.postinst: 52: which: not found
Setting up libudev1:amd64 (249.11-0ubuntu3) ...
Setting up libattr1:amd64 (1:2.5.1-1build1) ...
Setting up sysvinit-utils (3.01-1ubuntu1) ...
Setting up debianutils (5.5-1ubuntu2) ...
update-alternatives: using /usr/bin/which.debianutils to provide /usr/bin/which (which) in auto mode
Setting up mawk (1.3.4.20200120-3) ...
Setting up libdebconfclient0:amd64 (0.261ubuntu1) ...
Setting up base-files (12ubuntu4) ...
Setting up libbz2-1.0:amd64 (1.0.8-5build1) ...
Setting up base-passwd (3.5.52build1) ...
Setting up libdb5.3:amd64 (5.3.28+dfsg1-0.8ubuntu3) ...
Setting up libblkid1:amd64 (2.37.2-4ubuntu3) ...
Setting up libtinfo6:amd64 (6.3-2) ...
Setting up bash (5.1-6ubuntu1) ...
update-alternatives: using /usr/share/man/man7/bash-builtins.7.gz to provide /usr/share/man/man7/builtins.7.gz (builtins.7.gz) in auto mode
Setting up libzstd1:amd64 (1.4.8+dfsg-3build1) ...
Setting up libkeyutils1:amd64 (1.6.1-2ubuntu3) ...
Setting up liblzma5:amd64 (5.2.5-2ubuntu1) ...
Setting up libgpg-error0:amd64 (1.43-3) ...
Setting up liblz4-1:amd64 (1.9.3-2build2) ...
Setting up libc-bin (2.35-0ubuntu3) ...
Setting up ncurses-bin (6.3-2) ...
Setting up libacl1:amd64 (2.3.1-1) ...
Setting up libsmartcols1:amd64 (2.37.2-4ubuntu3) ...
Setting up libgcrypt20:amd64 (1.9.4-3ubuntu3) ...
Setting up zlib1g:amd64 (1:1.2.11.dfsg-2ubuntu9) ...
Setting up libcom-err2:amd64 (1.46.5-2ubuntu1) ...
Setting up diffutils (1:3.8-0ubuntu2) ...
Setting up libcap2:amd64 (1:2.44-1build3) ...
Setting up libkrb5support0:amd64 (1.19.2-2) ...
Setting up hostname (3.23ubuntu2) ...
Setting up libpcre3:amd64 (2:8.39-13build5) ...
Setting up libcap-ng0:amd64 (0.7.9-2.2build3) ...
Setting up libext2fs2:amd64 (1.46.5-2ubuntu1) ...
Setting up libgmp10:amd64 (2:6.2.1+dfsg-3ubuntu1) ...
Setting up libncurses6:amd64 (6.3-2) ...
Setting up libaudit1:amd64 (1:3.0.7-1build1) ...
Setting up libuuid1:amd64 (2.37.2-4ubuntu3) ...
Setting up libss2:amd64 (1.46.5-2ubuntu1) ...
Setting up libsepol2:amd64 (3.3-1build1) ...
Setting up libpcre2-8-0:amd64 (10.39-3build1) ...
Setting up libncursesw6:amd64 (6.3-2) ...
Setting up libk5crypto3:amd64 (1.19.2-2) ...
Setting up logsave (1.46.5-2ubuntu1) ...
Setting up e2fsprogs (1.46.5-2ubuntu1) ...
Setting up libsystemd0:amd64 (249.11-0ubuntu3) ...
Setting up libselinux1:amd64 (3.3-1build2) ...
Setting up sed (4.8-1ubuntu2) ...
Setting up findutils (4.8.0-1ubuntu3) ...
Setting up libmount1:amd64 (2.37.2-4ubuntu3) ...
Setting up libsemanage2:amd64 (3.3-1build2) ...
Setting up libprocps8:amd64 (2:3.3.17-6ubuntu2) ...
Setting up bsdutils (1:2.37.2-4ubuntu3) ...
Setting up tar (1.34+dfsg-1build3) ...
update-alternatives: using /usr/sbin/rmt-tar to provide /usr/sbin/rmt (rmt) in auto mode
Setting up coreutils (8.32-4.1ubuntu1) ...
Setting up dpkg (1.21.1ubuntu2) ...
Setting up mount (2.37.2-4ubuntu3) ...
Setting up grep (3.7-1build1) ...
Setting up perl-base (5.34.0-3ubuntu1) ...
Setting up init-system-helpers (1.62) ...
Setting up gzip (1.10-4ubuntu4) ...
Setting up usrmerge (25ubuntu2) ...
Setting up procps (2:3.3.17-6ubuntu2) ...
Setting up debconf (1.5.79ubuntu1) ...
Setting up libpam0g:amd64 (1.4.0-11ubuntu2) ...
Setting up util-linux (2.37.2-4ubuntu3) ...
update-alternatives: using /bin/more to provide /usr/bin/pager (pager) in auto mode
Setting up dash (0.5.11+git20210903+057cd650a4ed-3build1) ...
No diversion 'diversion of /bin/sh by bash', none removed.
Adding 'diversion of /bin/sh to /bin/sh.distrib by dash'
No diversion 'diversion of /usr/share/man/man1/sh.1.gz by bash', none removed.
Adding 'diversion of /usr/share/man/man1/sh.1.gz to /usr/share/man/man1/sh.distrib.1.gz by dash'
Setting up libpam-modules-bin (1.4.0-11ubuntu2) ...
Setting up libssl3:amd64 (3.0.2-0ubuntu1) ...
Setting up libkrb5-3:amd64 (1.19.2-2) ...
Setting up libgssapi-krb5-2:amd64 (1.19.2-2) ...
Setting up libtirpc3:amd64 (1.3.2-2build1) ...
Setting up libnsl2:amd64 (1.3.0-2build2) ...
Setting up libpam-modules:amd64 (1.4.0-11ubuntu2) ...
Setting up passwd (1:4.8.1-2ubuntu2) ...
Shadow passwords are now on.
Setting up libpam-runtime (1.4.0-11ubuntu2) ...
Setting up login (1:4.8.1-2ubuntu2) ...
Processing triggers for libc-bin (2.35-0ubuntu3) ...
(Reading database ... 3918 files and directories currently installed.)
Preparing to unpack .../adduser_3.118ubuntu5_all.deb ...
Unpacking adduser (3.118ubuntu5) ...
Preparing to unpack .../archives/apt_2.4.5_amd64.deb ...
Unpacking apt (2.4.5) ...
Preparing to unpack .../gpgv_2.2.27-3ubuntu2_amd64.deb ...
Unpacking gpgv (2.2.27-3ubuntu2) ...
Preparing to unpack .../libapt-pkg6.0_2.4.5_amd64.deb ...
Unpacking libapt-pkg6.0:amd64 (2.4.5) ...
Preparing to unpack .../libffi8_3.4.2-4_amd64.deb ...
Unpacking libffi8:amd64 (3.4.2-4) ...
Preparing to unpack .../libgnutls30_3.7.3-4ubuntu1_amd64.deb ...
Unpacking libgnutls30:amd64 (3.7.3-4ubuntu1) ...
Preparing to unpack .../libhogweed6_3.7.3-1build2_amd64.deb ...
Unpacking libhogweed6:amd64 (3.7.3-1build2) ...
Preparing to unpack .../libidn2-0_2.3.2-2build1_amd64.deb ...
Unpacking libidn2-0:amd64 (2.3.2-2build1) ...
Preparing to unpack .../libnettle8_3.7.3-1build2_amd64.deb ...
Unpacking libnettle8:amd64 (3.7.3-1build2) ...
Preparing to unpack .../libp11-kit0_0.24.0-6build1_amd64.deb ...
Unpacking libp11-kit0:amd64 (0.24.0-6build1) ...
Preparing to unpack .../libseccomp2_2.5.3-2ubuntu2_amd64.deb ...
Unpacking libseccomp2:amd64 (2.5.3-2ubuntu2) ...
Preparing to unpack .../libstdc++6_12-20220319-1ubuntu1_amd64.deb ...
Unpacking libstdc++6:amd64 (12-20220319-1ubuntu1) ...
Preparing to unpack .../libtasn1-6_4.18.0-4build1_amd64.deb ...
Unpacking libtasn1-6:amd64 (4.18.0-4build1) ...
Preparing to unpack .../libunistring2_1.0-1_amd64.deb ...
Unpacking libunistring2:amd64 (1.0-1) ...
Preparing to unpack .../libxxhash0_0.8.1-1_amd64.deb ...
Unpacking libxxhash0:amd64 (0.8.1-1) ...
Preparing to unpack .../ubuntu-keyring_2021.03.26_all.deb ...
Unpacking ubuntu-keyring (2021.03.26) ...
Processing triggers for libc-bin (2.35-0ubuntu3) ...
Setting up adduser (3.118ubuntu5) ...
Setting up libunistring2:amd64 (1.0-1) ...
Setting up libidn2-0:amd64 (2.3.2-2build1) ...
Setting up ubuntu-keyring (2021.03.26) ...
Setting up libseccomp2:amd64 (2.5.3-2ubuntu2) ...
Setting up libnettle8:amd64 (3.7.3-1build2) ...
Setting up libffi8:amd64 (3.4.2-4) ...
Setting up gpgv (2.2.27-3ubuntu2) ...
Setting up libxxhash0:amd64 (0.8.1-1) ...
Setting up libtasn1-6:amd64 (4.18.0-4build1) ...
Setting up libstdc++6:amd64 (12-20220319-1ubuntu1) ...
Setting up libhogweed6:amd64 (3.7.3-1build2) ...
Setting up libapt-pkg6.0:amd64 (2.4.5) ...
Setting up libp11-kit0:amd64 (0.24.0-6build1) ...
Setting up libgnutls30:amd64 (3.7.3-4ubuntu1) ...
Setting up apt (2.4.5) ...
Processing triggers for libc-bin (2.35-0ubuntu3) ...
